<?xml version="1.0" encoding="UTF-8"?>
<testng-results skipped="0" failed="1" ignored="0" total="2" passed="1">
  <reporter-output>
    <line>
      <![CDATA[About to begin executing Suite Suite]]>
    </line>
    <line>
      <![CDATA[About to begin executing following method : DriverHelper.getBrowser]]>
    </line>
    <line>
      <![CDATA[Completed executing following method : DriverHelper.getBrowser]]>
    </line>
    <line>
      <![CDATA[About to begin executing Test Test]]>
    </line>
    <line>
      <![CDATA[About to begin executing following method : TestClass.login]]>
    </line>
    <line>
      <![CDATA[Completed executing following method : TestClass.login]]>
    </line>
    <line>
      <![CDATA[Test Method resides in testscripts.TestClass]]>
    </line>
    <line>
      <![CDATA[Test Status: Pass]]>
    </line>
    <line>
      <![CDATA[About to begin executing following method : TestClass.aftermethod]]>
    </line>
    <line>
      <![CDATA[Completed executing following method : TestClass.aftermethod]]>
    </line>
    <line>
      <![CDATA[About to begin executing following method : TestClass.CreateOrder]]>
    </line>
    <line>
      <![CDATA[Completed executing following method : TestClass.CreateOrder]]>
    </line>
    <line>
      <![CDATA[Test Method resides in testscripts.TestClass]]>
    </line>
    <line>
      <![CDATA[Test Status: Failed]]>
    </line>
    <line>
      <![CDATA[About to begin executing following method : TestClass.aftermethod]]>
    </line>
    <line>
      <![CDATA[Completed executing following method : TestClass.aftermethod]]>
    </line>
  </reporter-output>
  <suite name="Suite" duration-ms="44365" started-at="2018-12-10T16:25:50Z" finished-at="2018-12-10T16:26:34Z">
    <groups>
    </groups>
    <test name="Test" duration-ms="44365" started-at="2018-12-10T16:25:50Z" finished-at="2018-12-10T16:26:34Z">
      <class name="testscripts.TestClass">
        <test-method status="PASS" signature="getBrowser()[pri:0, instance:testscripts.TestClass@7085bdee]" name="getBrowser" is-config="true" duration-ms="30274" started-at="2018-12-10T16:25:20Z" finished-at="2018-12-10T16:25:50Z">
          <reporter-output>
            <line>
              <![CDATA[Completed executing following method : DriverHelper.getBrowser]]>
            </line>
          </reporter-output>
        </test-method> <!-- getBrowser -->
        <test-method status="PASS" signature="login()[pri:1, instance:testscripts.TestClass@7085bdee]" name="login" duration-ms="14961" started-at="2018-12-10T16:25:50Z" finished-at="2018-12-10T16:26:05Z">
          <reporter-output>
            <line>
              <![CDATA[About to begin executing following method : TestClass.login]]>
            </line>
            <line>
              <![CDATA[Completed executing following method : TestClass.login]]>
            </line>
            <line>
              <![CDATA[Test Method resides in testscripts.TestClass]]>
            </line>
            <line>
              <![CDATA[Test Status: Pass]]>
            </line>
            <line>
              <![CDATA[About to begin executing following method : TestClass.aftermethod]]>
            </line>
          </reporter-output>
        </test-method> <!-- login -->
        <test-method status="PASS" signature="aftermethod()[pri:0, instance:testscripts.TestClass@7085bdee]" name="aftermethod" is-config="true" duration-ms="2581" started-at="2018-12-10T16:26:05Z" finished-at="2018-12-10T16:26:08Z">
          <reporter-output>
            <line>
              <![CDATA[Completed executing following method : TestClass.aftermethod]]>
            </line>
          </reporter-output>
        </test-method> <!-- aftermethod -->
        <test-method status="FAIL" signature="CreateOrder()[pri:2, instance:testscripts.TestClass@7085bdee]" name="CreateOrder" duration-ms="26650" started-at="2018-12-10T16:26:08Z" finished-at="2018-12-10T16:26:34Z">
          <exception class="org.openqa.selenium.StaleElementReferenceException">
            <message>
              <![CDATA[stale element reference: element is not attached to the page document
  (Session info: chrome=70.0.3538.110)
  (Driver info: chromedriver=2.41.578737 (49da6702b16031c40d63e5618de03a32ff6c197e),platform=Windows NT 6.1.7601 SP1 x86_64) (WARNING: The server did not provide any stacktrace information)
Command duration or timeout: 0 milliseconds
For documentation on this error, please visit: http://seleniumhq.org/exceptions/stale_element_reference.html
Build info: version: '3.14.0', revision: 'aacccce0', time: '2018-08-02T20:05:20.749Z'
System info: host: 'PIYUSH-PC', ip: '192.168.48.211', os.name: 'Windows 7', os.arch: 'amd64', os.version: '6.1', java.version: '1.8.0_181'
Driver info: org.openqa.selenium.chrome.ChromeDriver
Capabilities {acceptInsecureCerts: false, acceptSslCerts: false, applicationCacheEnabled: false, browserConnectionEnabled: false, browserName: chrome, chrome: {chromedriverVersion: 2.41.578737 (49da6702b16031..., userDataDir: C:\Users\IT\AppData\Local\T...}, cssSelectorsEnabled: true, databaseEnabled: false, goog:chromeOptions: {debuggerAddress: localhost:64339}, handlesAlerts: true, hasTouchScreen: false, javascriptEnabled: true, locationContextEnabled: true, mobileEmulationEnabled: false, nativeEvents: true, networkConnectionEnabled: false, pageLoadStrategy: normal, platform: XP, platformName: XP, rotatable: false, setWindowRect: true, takesHeapSnapshot: true, takesScreenshot: true, unexpectedAlertBehaviour: , unhandledPromptBehavior: , version: 70.0.3538.110, webStorageEnabled: true}
Session ID: 33a4c6284fcf451c247a692b221cfa67]]>
            </message>
            <full-stacktrace>
              <![CDATA[org.openqa.selenium.StaleElementReferenceException: stale element reference: element is not attached to the page document
  (Session info: chrome=70.0.3538.110)
  (Driver info: chromedriver=2.41.578737 (49da6702b16031c40d63e5618de03a32ff6c197e),platform=Windows NT 6.1.7601 SP1 x86_64) (WARNING: The server did not provide any stacktrace information)
Command duration or timeout: 0 milliseconds
For documentation on this error, please visit: http://seleniumhq.org/exceptions/stale_element_reference.html
Build info: version: '3.14.0', revision: 'aacccce0', time: '2018-08-02T20:05:20.749Z'
System info: host: 'PIYUSH-PC', ip: '192.168.48.211', os.name: 'Windows 7', os.arch: 'amd64', os.version: '6.1', java.version: '1.8.0_181'
Driver info: org.openqa.selenium.chrome.ChromeDriver
Capabilities {acceptInsecureCerts: false, acceptSslCerts: false, applicationCacheEnabled: false, browserConnectionEnabled: false, browserName: chrome, chrome: {chromedriverVersion: 2.41.578737 (49da6702b16031..., userDataDir: C:\Users\IT\AppData\Local\T...}, cssSelectorsEnabled: true, databaseEnabled: false, goog:chromeOptions: {debuggerAddress: localhost:64339}, handlesAlerts: true, hasTouchScreen: false, javascriptEnabled: true, locationContextEnabled: true, mobileEmulationEnabled: false, nativeEvents: true, networkConnectionEnabled: false, pageLoadStrategy: normal, platform: XP, platformName: XP, rotatable: false, setWindowRect: true, takesHeapSnapshot: true, takesScreenshot: true, unexpectedAlertBehaviour: , unhandledPromptBehavior: , version: 70.0.3538.110, webStorageEnabled: true}
Session ID: 33a4c6284fcf451c247a692b221cfa67
at sun.reflect.NativeConstructorAccessorImpl.newInstance0(Native Method)
at sun.reflect.NativeConstructorAccessorImpl.newInstance(Unknown Source)
at sun.reflect.DelegatingConstructorAccessorImpl.newInstance(Unknown Source)
at java.lang.reflect.Constructor.newInstance(Unknown Source)
at org.openqa.selenium.remote.ErrorHandler.createThrowable(ErrorHandler.java:214)
at org.openqa.selenium.remote.ErrorHandler.throwIfResponseFailed(ErrorHandler.java:166)
at org.openqa.selenium.remote.http.JsonHttpResponseCodec.reconstructValue(JsonHttpResponseCodec.java:40)
at org.openqa.selenium.remote.http.AbstractHttpResponseCodec.decode(AbstractHttpResponseCodec.java:80)
at org.openqa.selenium.remote.http.AbstractHttpResponseCodec.decode(AbstractHttpResponseCodec.java:44)
at org.openqa.selenium.remote.HttpCommandExecutor.execute(HttpCommandExecutor.java:158)
at org.openqa.selenium.remote.service.DriverCommandExecutor.execute(DriverCommandExecutor.java:83)
at org.openqa.selenium.remote.RemoteWebDriver.execute(RemoteWebDriver.java:548)
at org.openqa.selenium.remote.RemoteWebElement.execute(RemoteWebElement.java:276)
at org.openqa.selenium.remote.RemoteWebElement.getText(RemoteWebElement.java:160)
at pages.CreateOrder.Createorderform(CreateOrder.java:201)
at testscripts.TestClass.CreateOrder(TestClass.java:44)
at sun.reflect.NativeMethodAccessorImpl.invoke0(Native Method)
at sun.reflect.NativeMethodAccessorImpl.invoke(Unknown Source)
at sun.reflect.DelegatingMethodAccessorImpl.invoke(Unknown Source)
at java.lang.reflect.Method.invoke(Unknown Source)
at org.testng.internal.MethodInvocationHelper.invokeMethod(MethodInvocationHelper.java:124)
at org.testng.internal.Invoker.invokeMethod(Invoker.java:580)
at org.testng.internal.Invoker.invokeTestMethod(Invoker.java:716)
at org.testng.internal.Invoker.invokeTestMethods(Invoker.java:988)
at org.testng.internal.TestMethodWorker.invokeTestMethods(TestMethodWorker.java:125)
at org.testng.internal.TestMethodWorker.run(TestMethodWorker.java:109)
at org.testng.TestRunner.privateRun(TestRunner.java:648)
at org.testng.TestRunner.run(TestRunner.java:505)
at org.testng.SuiteRunner.runTest(SuiteRunner.java:455)
at org.testng.SuiteRunner.runSequentially(SuiteRunner.java:450)
at org.testng.SuiteRunner.privateRun(SuiteRunner.java:415)
at org.testng.SuiteRunner.run(SuiteRunner.java:364)
at org.testng.SuiteRunnerWorker.runSuite(SuiteRunnerWorker.java:52)
at org.testng.SuiteRunnerWorker.run(SuiteRunnerWorker.java:84)
at org.testng.TestNG.runSuitesSequentially(TestNG.java:1208)
at org.testng.TestNG.runSuitesLocally(TestNG.java:1137)
at org.testng.TestNG.runSuites(TestNG.java:1049)
at org.testng.TestNG.run(TestNG.java:1017)
at org.testng.remote.AbstractRemoteTestNG.run(AbstractRemoteTestNG.java:114)
at org.testng.remote.RemoteTestNG.initAndRun(RemoteTestNG.java:251)
at org.testng.remote.RemoteTestNG.main(RemoteTestNG.java:77)
]]>
            </full-stacktrace>
          </exception> <!-- org.openqa.selenium.StaleElementReferenceException -->
          <reporter-output>
            <line>
              <![CDATA[About to begin executing following method : TestClass.CreateOrder]]>
            </line>
            <line>
              <![CDATA[Completed executing following method : TestClass.CreateOrder]]>
            </line>
            <line>
              <![CDATA[Test Method resides in testscripts.TestClass]]>
            </line>
            <line>
              <![CDATA[Test Status: Failed]]>
            </line>
            <line>
              <![CDATA[About to begin executing following method : TestClass.aftermethod]]>
            </line>
          </reporter-output>
        </test-method> <!-- CreateOrder -->
        <test-method status="PASS" signature="aftermethod()[pri:0, instance:testscripts.TestClass@7085bdee]" name="aftermethod" is-config="true" duration-ms="121" started-at="2018-12-10T16:26:34Z" finished-at="2018-12-10T16:26:34Z">
          <reporter-output>
            <line>
              <![CDATA[Completed executing following method : TestClass.aftermethod]]>
            </line>
          </reporter-output>
        </test-method> <!-- aftermethod -->
      </class> <!-- testscripts.TestClass -->
    </test> <!-- Test -->
  </suite> <!-- Suite -->
</testng-results>
